Build started 10.01.2013 11:20:54.
     1>Project "C:\Users\Marius\Desktop\Semestrul I\PS\Tema4\Tema4\Tema4\Tema4.vcxproj" on node 2 (build target(s)).
     1>InitializeBuildStatus:
         Creating "Release\Tema4.unsuccessfulbuild" because "AlwaysCreate" was specified.
       ClCompile:
         All outputs are up-to-date.
         C:\Program Files\Microsoft Visual Studio 10.0\VC\bin\CL.exe /c /Zi /nologo /W3 /WX- /O2 /Oi /Oy- /GL /D WIN32 /D NDEBUG /D _CONSOLE /D _UNICODE /D UNICODE /Gm- /EHsc /MD /GS /Gy /fp:precise /Zc:wchar_t /Zc:forScope /Yu"StdAfx.h" /Fp"Release\Tema4.pch" /Fo"Release\\" /Fd"Release\vc100.pdb" /Gd /TP /analyze- /errorReport:prompt Tema4.cpp
         Tema4.cpp
     1>Tema4.cpp(24): warning C4091: 'typedef ' : ignored on left of 'node' when no variable is declared
     1>Tema4.cpp(129): warning C4996: 'fopen': This function or variable may be unsafe. Consider using fopen_s instead. To disable deprecation, use _CRT_SECURE_NO_WARNINGS. See online help for details.
                 C:\Program Files\Microsoft Visual Studio 10.0\VC\include\stdio.h(234) : see declaration of 'fopen'
     1>Tema4.cpp(135): warning C4996: 'fopen': This function or variable may be unsafe. Consider using fopen_s instead. To disable deprecation, use _CRT_SECURE_NO_WARNINGS. See online help for details.
                 C:\Program Files\Microsoft Visual Studio 10.0\VC\include\stdio.h(234) : see declaration of 'fopen'
     1>Tema4.cpp(195): warning C4018: '<' : signed/unsigned mismatch
     1>Tema4.cpp(245): warning C4018: '<' : signed/unsigned mismatch
     1>Tema4.cpp(282): warning C4244: '=' : conversion from 'time_t' to 'int', possible loss of data
     1>Tema4.cpp(610): warning C4996: 'fopen': This function or variable may be unsafe. Consider using fopen_s instead. To disable deprecation, use _CRT_SECURE_NO_WARNINGS. See online help for details.
                 C:\Program Files\Microsoft Visual Studio 10.0\VC\include\stdio.h(234) : see declaration of 'fopen'
     1>Tema4.cpp(611): warning C4996: 'fopen': This function or variable may be unsafe. Consider using fopen_s instead. To disable deprecation, use _CRT_SECURE_NO_WARNINGS. See online help for details.
                 C:\Program Files\Microsoft Visual Studio 10.0\VC\include\stdio.h(234) : see declaration of 'fopen'
     1>Tema4.cpp(703): warning C4244: '=' : conversion from 'time_t' to 'int', possible loss of data
       Link:
         C:\Program Files\Microsoft Visual Studio 10.0\VC\bin\link.exe /ERRORREPORT:PROMPT /OUT:"C:\Users\Marius\Desktop\Semestrul I\PS\Tema4\Tema4\Release\Tema4.exe" /INCREMENTAL:NO /NOLOGO kernel32.lib user32.lib gdi32.lib winspool.lib comdlg32.lib advapi32.lib shell32.lib ole32.lib oleaut32.lib uuid.lib odbc32.lib odbccp32.lib /MANIFEST /ManifestFile:"Release\Tema4.exe.intermediate.manifest" /MANIFESTUAC:"level='asInvoker' uiAccess='false'" /DEBUG /PDB:"C:\Users\Marius\Desktop\Semestrul I\PS\Tema4\Tema4\Release\Tema4.pdb" /SUBSYSTEM:CONSOLE /OPT:REF /OPT:ICF /LTCG /TLBID:1 /DYNAMICBASE /NXCOMPAT /IMPLIB:"C:\Users\Marius\Desktop\Semestrul I\PS\Tema4\Tema4\Release\Tema4.lib" /MACHINE:X86 Release\stdafx.obj
         Release\Tema4.obj
         Generating code
         Finished generating code
         Tema4.vcxproj -> C:\Users\Marius\Desktop\Semestrul I\PS\Tema4\Tema4\Release\Tema4.exe
       Manifest:
         C:\Program Files\Microsoft SDKs\Windows\v7.0A\bin\mt.exe /nologo /verbose /outputresource:"C:\Users\Marius\Desktop\Semestrul I\PS\Tema4\Tema4\Release\Tema4.exe;#1" /manifest Release\Tema4.exe.intermediate.manifest
       FinalizeBuildStatus:
         Deleting file "Release\Tema4.unsuccessfulbuild".
         Touching "Release\Tema4.lastbuildstate".
     1>Done Building Project "C:\Users\Marius\Desktop\Semestrul I\PS\Tema4\Tema4\Tema4\Tema4.vcxproj" (build target(s)).

Build succeeded.

Time Elapsed 00:00:01.81
