Build started 13.09.2013 09:06:14.
     1>Project "C:\Users\Marius\Desktop\Semestrul I\PS\Teme\Tema2\Tema2 Solution\Project1\Project1.vcxproj" on node 2 (build target(s)).
     1>InitializeBuildStatus:
         Creating "Debug\Tema2.unsuccessfulbuild" because "AlwaysCreate" was specified.
       ClCompile:
         All outputs are up-to-date.
         C:\Program Files\Microsoft Visual Studio 10.0\VC\bin\CL.exe /c /ZI /nologo /W3 /WX- /Od /Oy- /D WIN32 /D _DEBUG /D _CONSOLE /D _UNICODE /D UNICODE /Gm /EHsc /RTC1 /MDd /GS /fp:precise /Zc:wchar_t /Zc:forScope /Yu"StdAfx.h" /Fp"Debug\Tema2.pch" /Fo"Debug\\" /Fd"Debug\vc100.pdb" /Gd /TP /analyze- /errorReport:prompt Tema2.cpp
         Tema2.cpp
     1>c:\users\marius\desktop\semestrul i\ps\teme\tema2\tema2 solution\project1\tema2.cpp(80): warning C4996: 'fopen': This function or variable may be unsafe. Consider using fopen_s instead. To disable deprecation, use _CRT_SECURE_NO_WARNINGS. See online help for details.
                 c:\program files\microsoft visual studio 10.0\vc\include\stdio.h(234) : see declaration of 'fopen'
     1>c:\users\marius\desktop\semestrul i\ps\teme\tema2\tema2 solution\project1\tema2.cpp(99): warning C4018: '<' : signed/unsigned mismatch
     1>c:\users\marius\desktop\semestrul i\ps\teme\tema2\tema2 solution\project1\tema2.cpp(229): warning C4996: 'fopen': This function or variable may be unsafe. Consider using fopen_s instead. To disable deprecation, use _CRT_SECURE_NO_WARNINGS. See online help for details.
                 c:\program files\microsoft visual studio 10.0\vc\include\stdio.h(234) : see declaration of 'fopen'
     1>c:\users\marius\desktop\semestrul i\ps\teme\tema2\tema2 solution\project1\tema2.cpp(300): warning C4018: '<' : signed/unsigned mismatch
     1>c:\users\marius\desktop\semestrul i\ps\teme\tema2\tema2 solution\project1\tema2.cpp(325): warning C4996: 'fopen': This function or variable may be unsafe. Consider using fopen_s instead. To disable deprecation, use _CRT_SECURE_NO_WARNINGS. See online help for details.
                 c:\program files\microsoft visual studio 10.0\vc\include\stdio.h(234) : see declaration of 'fopen'
     1>c:\users\marius\desktop\semestrul i\ps\teme\tema2\tema2 solution\project1\tema2.cpp(350): warning C4018: '<' : signed/unsigned mismatch
     1>c:\users\marius\desktop\semestrul i\ps\teme\tema2\tema2 solution\project1\tema2.cpp(405): warning C4996: 'fopen': This function or variable may be unsafe. Consider using fopen_s instead. To disable deprecation, use _CRT_SECURE_NO_WARNINGS. See online help for details.
                 c:\program files\microsoft visual studio 10.0\vc\include\stdio.h(234) : see declaration of 'fopen'
     1>c:\users\marius\desktop\semestrul i\ps\teme\tema2\tema2 solution\project1\tema2.cpp(522): warning C4996: 'fopen': This function or variable may be unsafe. Consider using fopen_s instead. To disable deprecation, use _CRT_SECURE_NO_WARNINGS. See online help for details.
                 c:\program files\microsoft visual studio 10.0\vc\include\stdio.h(234) : see declaration of 'fopen'
     1>c:\users\marius\desktop\semestrul i\ps\teme\tema2\tema2 solution\project1\tema2.cpp(528): warning C4018: '<' : signed/unsigned mismatch
       ManifestResourceCompile:
         All outputs are up-to-date.
       Link:
         C:\Program Files\Microsoft Visual Studio 10.0\VC\bin\link.exe /ERRORREPORT:PROMPT /OUT:"C:\Users\Marius\Desktop\Semestrul I\PS\Teme\Tema2\Tema2 Solution\Debug\Tema2.exe" /INCREMENTAL /NOLOGO kernel32.lib user32.lib gdi32.lib winspool.lib comdlg32.lib advapi32.lib shell32.lib ole32.lib oleaut32.lib uuid.lib odbc32.lib odbccp32.lib /MANIFEST /ManifestFile:"Debug\Tema2.exe.intermediate.manifest" /MANIFESTUAC:"level='asInvoker' uiAccess='false'" /DEBUG /PDB:"C:\Users\Marius\Desktop\Semestrul I\PS\Teme\Tema2\Tema2 Solution\Debug\Tema2.pdb" /SUBSYSTEM:CONSOLE /TLBID:1 /DYNAMICBASE /NXCOMPAT /IMPLIB:"C:\Users\Marius\Desktop\Semestrul I\PS\Teme\Tema2\Tema2 Solution\Debug\Tema2.lib" /MACHINE:X86 Debug\Tema2.exe.embed.manifest.res
         Debug\Tema2.obj
         Debug\stdafx.obj
       Manifest:
         C:\Program Files\Microsoft SDKs\Windows\v7.0A\bin\mt.exe /nologo /verbose /out:"Debug\Tema2.exe.embed.manifest" /manifest Debug\Tema2.exe.intermediate.manifest
         All outputs are up-to-date.
       LinkEmbedManifest:
         All outputs are up-to-date.
         Project1.vcxproj -> C:\Users\Marius\Desktop\Semestrul I\PS\Teme\Tema2\Tema2 Solution\Debug\Tema2.exe
       FinalizeBuildStatus:
         Deleting file "Debug\Tema2.unsuccessfulbuild".
         Touching "Debug\Tema2.lastbuildstate".
     1>Done Building Project "C:\Users\Marius\Desktop\Semestrul I\PS\Teme\Tema2\Tema2 Solution\Project1\Project1.vcxproj" (build target(s)).

Build succeeded.

Time Elapsed 00:00:01.75
