C:\USERS\MARIUS\DESKTOP\SEMESTRUL I\PS\TEMA2\TEMA2 SOLUTION\DEBUG\TEMA2.EXE
C:\USERS\MARIUS\DESKTOP\SEMESTRUL I\PS\TEMA2\TEMA2 SOLUTION\DEBUG\TEMA2.ILK
C:\USERS\MARIUS\DESKTOP\SEMESTRUL I\PS\TEMA2\TEMA2 SOLUTION\DEBUG\TEMA2.PDB
C:\USERS\MARIUS\DESKTOP\SEMESTRUL I\PS\TEMA2\TEMA2 SOLUTION\PROJECT1\DEBUG\STDAFX.OBJ
C:\USERS\MARIUS\DESKTOP\SEMESTRUL I\PS\TEMA2\TEMA2 SOLUTION\PROJECT1\DEBUG\TEMA2.EXE.EMBED.MANIFEST
C:\USERS\MARIUS\DESKTOP\SEMESTRUL I\PS\TEMA2\TEMA2 SOLUTION\PROJECT1\DEBUG\TEMA2.EXE.EMBED.MANIFEST.RES
C:\USERS\MARIUS\DESKTOP\SEMESTRUL I\PS\TEMA2\TEMA2 SOLUTION\PROJECT1\DEBUG\TEMA2.EXE.INTERMEDIATE.MANIFEST
C:\USERS\MARIUS\DESKTOP\SEMESTRUL I\PS\TEMA2\TEMA2 SOLUTION\PROJECT1\DEBUG\TEMA2.OBJ
C:\USERS\MARIUS\DESKTOP\SEMESTRUL I\PS\TEMA2\TEMA2 SOLUTION\PROJECT1\DEBUG\TEMA2.PCH
C:\USERS\MARIUS\DESKTOP\SEMESTRUL I\PS\TEMA2\TEMA2 SOLUTION\PROJECT1\DEBUG\VC100.PDB
C:\USERS\MARIUS\DESKTOP\SEMESTRUL I\PS\TEME\TEMA2\TEMA2 SOLUTION\DEBUG\TEMA2.EXE
C:\USERS\MARIUS\DESKTOP\SEMESTRUL I\PS\TEME\TEMA2\TEMA2 SOLUTION\DEBUG\TEMA2.ILK
C:\USERS\MARIUS\DESKTOP\SEMESTRUL I\PS\TEME\TEMA2\TEMA2 SOLUTION\DEBUG\TEMA2.PDB
C:\Users\Marius\Desktop\Semestrul I\PS\Teme\Tema2\Tema2 Solution\Project1\Debug\cl.command.1.tlog
C:\Users\Marius\Desktop\Semestrul I\PS\Teme\Tema2\Tema2 Solution\Project1\Debug\CL.read.1.tlog
C:\Users\Marius\Desktop\Semestrul I\PS\Teme\Tema2\Tema2 Solution\Project1\Debug\CL.write.1.tlog
C:\Users\Marius\Desktop\Semestrul I\PS\Teme\Tema2\Tema2 Solution\Project1\Debug\link.1372.read.1.tlog
C:\Users\Marius\Desktop\Semestrul I\PS\Teme\Tema2\Tema2 Solution\Project1\Debug\link.1372.write.1.tlog
C:\Users\Marius\Desktop\Semestrul I\PS\Teme\Tema2\Tema2 Solution\Project1\Debug\link.1372-cvtres.read.1.tlog
C:\Users\Marius\Desktop\Semestrul I\PS\Teme\Tema2\Tema2 Solution\Project1\Debug\link.1372-cvtres.write.1.tlog
C:\Users\Marius\Desktop\Semestrul I\PS\Teme\Tema2\Tema2 Solution\Project1\Debug\link.command.1.tlog
C:\Users\Marius\Desktop\Semestrul I\PS\Teme\Tema2\Tema2 Solution\Project1\Debug\link.read.1.tlog
C:\Users\Marius\Desktop\Semestrul I\PS\Teme\Tema2\Tema2 Solution\Project1\Debug\link.write.1.tlog
C:\Users\Marius\Desktop\Semestrul I\PS\Teme\Tema2\Tema2 Solution\Project1\Debug\link-cvtres.read.1.tlog
C:\Users\Marius\Desktop\Semestrul I\PS\Teme\Tema2\Tema2 Solution\Project1\Debug\link-cvtres.write.1.tlog
C:\Users\Marius\Desktop\Semestrul I\PS\Teme\Tema2\Tema2 Solution\Project1\Debug\mt.command.1.tlog
C:\Users\Marius\Desktop\Semestrul I\PS\Teme\Tema2\Tema2 Solution\Project1\Debug\mt.read.1.tlog
C:\Users\Marius\Desktop\Semestrul I\PS\Teme\Tema2\Tema2 Solution\Project1\Debug\mt.write.1.tlog
C:\Users\Marius\Desktop\Semestrul I\PS\Teme\Tema2\Tema2 Solution\Project1\Debug\rc.command.1.tlog
C:\Users\Marius\Desktop\Semestrul I\PS\Teme\Tema2\Tema2 Solution\Project1\Debug\rc.read.1.tlog
C:\Users\Marius\Desktop\Semestrul I\PS\Teme\Tema2\Tema2 Solution\Project1\Debug\rc.write.1.tlog
C:\USERS\MARIUS\DESKTOP\SEMESTRUL I\PS\TEME\TEMA2\TEMA2 SOLUTION\PROJECT1\DEBUG\STDAFX.OBJ
C:\Users\Marius\Desktop\Semestrul I\PS\Teme\Tema2\Tema2 Solution\Project1\Debug\Tema2.exe.embed.manifest
C:\USERS\MARIUS\DESKTOP\SEMESTRUL I\PS\TEME\TEMA2\TEMA2 SOLUTION\PROJECT1\DEBUG\TEMA2.EXE.EMBED.MANIFEST.RES
C:\USERS\MARIUS\DESKTOP\SEMESTRUL I\PS\TEME\TEMA2\TEMA2 SOLUTION\PROJECT1\DEBUG\TEMA2.EXE.INTERMEDIATE.MANIFEST
C:\USERS\MARIUS\DESKTOP\SEMESTRUL I\PS\TEME\TEMA2\TEMA2 SOLUTION\PROJECT1\DEBUG\TEMA2.OBJ
C:\USERS\MARIUS\DESKTOP\SEMESTRUL I\PS\TEME\TEMA2\TEMA2 SOLUTION\PROJECT1\DEBUG\TEMA2.PCH
C:\Users\Marius\Desktop\Semestrul I\PS\Teme\Tema2\Tema2 Solution\Project1\Debug\Tema2_manifest.rc
C:\Users\Marius\Desktop\Semestrul I\PS\Teme\Tema2\Tema2 Solution\Project1\Debug\vc100.idb
C:\USERS\MARIUS\DESKTOP\SEMESTRUL I\PS\TEME\TEMA2\TEMA2 SOLUTION\PROJECT1\DEBUG\VC100.PDB
